DEB [20170411-00:40:41.823] thr=1   paramiko.transport: starting thread (client mode): 0xbdce890L
DEB [20170411-00:40:41.823] thr=1   paramiko.transport: Local version/idstring: SSH-2.0-paramiko_2.1.2
DEB [20170411-00:40:42.032] thr=1   paramiko.transport: Remote version/idstring: SSH-2.0-OpenSSH_6.6
INF [20170411-00:40:42.032] thr=1   paramiko.transport: Connected (version 2.0, client OpenSSH_6.6)
DEB [20170411-00:40:42.249] thr=1   paramiko.transport: kex algos:[u'curve25519-sha256@libssh.org', u'ecdh-sha2-nistp256', u'ecdh-sha2-nistp384', u'ecdh-sha2-nistp521', u'diffie-hellman-group-exchange-sha256', u'diffie-hellman-group-exchange-sha1', u'diffie-hellman-group14-sha1', u'diffie-hellman-group1-sha1'] server key:[u'ssh-rsa', u'ssh-dss', u'ecdsa-sha2-nistp256', u'ssh-ed25519'] client encrypt:[u'aes128-ctr', u'aes192-ctr', u'aes256-ctr', u'arcfour256', u'arcfour128', u'chacha20-poly1305@openssh.com', u'aes128-cbc', u'3des-cbc', u'blowfish-cbc', u'cast128-cbc', u'aes192-cbc', u'aes256-cbc', u'arcfour', u'rijndael-cbc@lysator.liu.se'] server encrypt:[u'aes128-ctr', u'aes192-ctr', u'aes256-ctr', u'arcfour256', u'arcfour128', u'chacha20-poly1305@openssh.com', u'aes128-cbc', u'3des-cbc', u'blowfish-cbc', u'cast128-cbc', u'aes192-cbc', u'aes256-cbc', u'arcfour', u'rijndael-cbc@lysator.liu.se'] client mac:[u'hmac-md5-etm@openssh.com', u'hmac-sha1-etm@openssh.com', u'umac-64-etm@openssh.com', u'umac-128-etm@openssh.com', u'hmac-sha2-256-etm@openssh.com', u'hmac-sha2-512-etm@openssh.com', u'hmac-ripemd160-etm@openssh.com', u'hmac-sha1-96-etm@openssh.com', u'hmac-md5-96-etm@openssh.com', u'hmac-md5', u'hmac-sha1', u'umac-64@openssh.com', u'umac-128@openssh.com', u'hmac-sha2-256', u'hmac-sha2-512', u'hmac-ripemd160', u'hmac-ripemd160@openssh.com', u'hmac-sha1-96', u'hmac-md5-96'] server mac:[u'hmac-md5-etm@openssh.com', u'hmac-sha1-etm@openssh.com', u'umac-64-etm@openssh.com', u'umac-128-etm@openssh.com', u'hmac-sha2-256-etm@openssh.com', u'hmac-sha2-512-etm@openssh.com', u'hmac-ripemd160-etm@openssh.com', u'hmac-sha1-96-etm@openssh.com', u'hmac-md5-96-etm@openssh.com', u'hmac-md5', u'hmac-sha1', u'umac-64@openssh.com', u'umac-128@openssh.com', u'hmac-sha2-256', u'hmac-sha2-512', u'hmac-ripemd160', u'hmac-ripemd160@openssh.com', u'hmac-sha1-96', u'hmac-md5-96'] client compress:[u'none', u'zlib@openssh.com'] server compress:[u'none', u'zlib@openssh.com'] client lang:[u''] server lang:[u''] kex follows?False
DEB [20170411-00:40:42.249] thr=1   paramiko.transport: Kex agreed: diffie-hellman-group1-sha1
DEB [20170411-00:40:42.249] thr=1   paramiko.transport: Cipher agreed: aes128-ctr
DEB [20170411-00:40:42.249] thr=1   paramiko.transport: MAC agreed: hmac-sha2-256
DEB [20170411-00:40:42.249] thr=1   paramiko.transport: Compression agreed: none
DEB [20170411-00:40:42.631] thr=1   paramiko.transport: kex engine KexGroup1 specified hash_algo <built-in function openssl_sha1>
DEB [20170411-00:40:42.631] thr=1   paramiko.transport: Switch to new keys ...
DEB [20170411-00:40:42.632] thr=2   paramiko.transport: Adding ssh-rsa host key for 10.164.8.1: 44beee12e9c0c603d294419ba783a032
DEB [20170411-00:40:42.633] thr=2   paramiko.transport: Trying discovered key b4c5a78c115c8646a22e235c63410571 in /home/alex.chuvakov/.ssh/id_rsa
DEB [20170411-00:40:43.085] thr=1   paramiko.transport: userauth is OK
INF [20170411-00:40:43.269] thr=1   paramiko.transport: Auth banner: NOTICE NOTICE NOTICE NOTICE NOTICE NOTICE NOTICE NOTICE NOTICE

This is a private computer system. The unauthorized or improper
use of this system constitutes consent to monitoring, retrieval,
and disclosure of any information stored within the network for
any purpose including criminal prosecution.  Unauthorized or
improper use of this system may result in administrative
disciplinary action and civil and criminal penalties.

If you are not an authorized user disconnect IMMEDIATELY!

NOTICE NOTICE NOTICE NOTICE NOTICE NOTICE NOTICE NOTICE NOTICE

INF [20170411-00:40:43.270] thr=1   paramiko.transport: Authentication (publickey) failed.
DEB [20170411-00:40:43.476] thr=1   paramiko.transport: userauth is OK
INF [20170411-00:40:43.678] thr=1   paramiko.transport: Authentication (password) successful!
DEB [20170411-00:40:43.699] thr=2   paramiko.transport: [chan 0] Max packet in: 32768 bytes
DEB [20170411-00:40:43.877] thr=1   paramiko.transport: [chan 0] Max packet out: 32768 bytes
DEB [20170411-00:40:43.877] thr=1   paramiko.transport: Secsh channel 0 opened.
DEB [20170411-00:40:44.079] thr=1   paramiko.transport: [chan 0] Sesch channel 0 request ok
DEB [20170411-00:40:44.260] thr=1   paramiko.transport: [chan 0] Sesch channel 0 request ok
DEB [20170411-00:40:51.269] thr=1   paramiko.transport: EOF in transport thread
DEB [20170411-00:40:51.279] thr=3   paramiko.transport: starting thread (client mode): 0xbdce850L
DEB [20170411-00:40:51.279] thr=3   paramiko.transport: Local version/idstring: SSH-2.0-paramiko_2.1.2
DEB [20170411-00:40:51.326] thr=3   paramiko.transport: Remote version/idstring: SSH-2.0-OpenSSH_6.6
INF [20170411-00:40:51.327] thr=3   paramiko.transport: Connected (version 2.0, client OpenSSH_6.6)
DEB [20170411-00:40:51.376] thr=3   paramiko.transport: kex algos:[u'curve25519-sha256@libssh.org', u'ecdh-sha2-nistp256', u'ecdh-sha2-nistp384', u'ecdh-sha2-nistp521', u'diffie-hellman-group-exchange-sha256', u'diffie-hellman-group-exchange-sha1', u'diffie-hellman-group14-sha1', u'diffie-hellman-group1-sha1'] server key:[u'ssh-rsa', u'ssh-dss', u'ecdsa-sha2-nistp256', u'ssh-ed25519'] client encrypt:[u'aes128-ctr', u'aes192-ctr', u'aes256-ctr', u'arcfour256', u'arcfour128', u'chacha20-poly1305@openssh.com', u'aes128-cbc', u'3des-cbc', u'blowfish-cbc', u'cast128-cbc', u'aes192-cbc', u'aes256-cbc', u'arcfour', u'rijndael-cbc@lysator.liu.se'] server encrypt:[u'aes128-ctr', u'aes192-ctr', u'aes256-ctr', u'arcfour256', u'arcfour128', u'chacha20-poly1305@openssh.com', u'aes128-cbc', u'3des-cbc', u'blowfish-cbc', u'cast128-cbc', u'aes192-cbc', u'aes256-cbc', u'arcfour', u'rijndael-cbc@lysator.liu.se'] client mac:[u'hmac-md5-etm@openssh.com', u'hmac-sha1-etm@openssh.com', u'umac-64-etm@openssh.com', u'umac-128-etm@openssh.com', u'hmac-sha2-256-etm@openssh.com', u'hmac-sha2-512-etm@openssh.com', u'hmac-ripemd160-etm@openssh.com', u'hmac-sha1-96-etm@openssh.com', u'hmac-md5-96-etm@openssh.com', u'hmac-md5', u'hmac-sha1', u'umac-64@openssh.com', u'umac-128@openssh.com', u'hmac-sha2-256', u'hmac-sha2-512', u'hmac-ripemd160', u'hmac-ripemd160@openssh.com', u'hmac-sha1-96', u'hmac-md5-96'] server mac:[u'hmac-md5-etm@openssh.com', u'hmac-sha1-etm@openssh.com', u'umac-64-etm@openssh.com', u'umac-128-etm@openssh.com', u'hmac-sha2-256-etm@openssh.com', u'hmac-sha2-512-etm@openssh.com', u'hmac-ripemd160-etm@openssh.com', u'hmac-sha1-96-etm@openssh.com', u'hmac-md5-96-etm@openssh.com', u'hmac-md5', u'hmac-sha1', u'umac-64@openssh.com', u'umac-128@openssh.com', u'hmac-sha2-256', u'hmac-sha2-512', u'hmac-ripemd160', u'hmac-ripemd160@openssh.com', u'hmac-sha1-96', u'hmac-md5-96'] client compress:[u'none', u'zlib@openssh.com'] server compress:[u'none', u'zlib@openssh.com'] client lang:[u''] server lang:[u''] kex follows?False
DEB [20170411-00:40:51.376] thr=3   paramiko.transport: Kex agreed: diffie-hellman-group1-sha1
DEB [20170411-00:40:51.376] thr=3   paramiko.transport: Cipher agreed: aes128-ctr
DEB [20170411-00:40:51.376] thr=3   paramiko.transport: MAC agreed: hmac-sha2-256
DEB [20170411-00:40:51.376] thr=3   paramiko.transport: Compression agreed: none
DEB [20170411-00:40:51.486] thr=3   paramiko.transport: kex engine KexGroup1 specified hash_algo <built-in function openssl_sha1>
DEB [20170411-00:40:51.487] thr=3   paramiko.transport: Switch to new keys ...
DEB [20170411-00:40:51.488] thr=2   paramiko.transport: Adding ssh-rsa host key for 10.54.10.1: 96b0192b62a357679243ff648ff6c86e
DEB [20170411-00:40:51.489] thr=2   paramiko.transport: Trying discovered key b4c5a78c115c8646a22e235c63410571 in /home/alex.chuvakov/.ssh/id_rsa
DEB [20170411-00:40:51.603] thr=3   paramiko.transport: userauth is OK
INF [20170411-00:40:51.621] thr=3   paramiko.transport: Auth banner: NOTICE NOTICE NOTICE NOTICE NOTICE NOTICE NOTICE NOTICE NOTICE

This is a private computer system. The unauthorized or improper
use of this system constitutes consent to monitoring, retrieval,
and disclosure of any information stored within the network for
any purpose including criminal prosecution.  Unauthorized or
improper use of this system may result in administrative
disciplinary action and civil and criminal penalties.

If you are not an authorized user disconnect IMMEDIATELY!

NOTICE NOTICE NOTICE NOTICE NOTICE NOTICE NOTICE NOTICE NOTICE

INF [20170411-00:40:51.621] thr=3   paramiko.transport: Authentication (publickey) failed.
DEB [20170411-00:40:51.662] thr=3   paramiko.transport: userauth is OK
INF [20170411-00:40:51.699] thr=3   paramiko.transport: Authentication (password) successful!
DEB [20170411-00:40:51.717] thr=2   paramiko.transport: [chan 0] Max packet in: 32768 bytes
DEB [20170411-00:40:51.726] thr=3   paramiko.transport: [chan 0] Max packet out: 32768 bytes
DEB [20170411-00:40:51.726] thr=3   paramiko.transport: Secsh channel 0 opened.
DEB [20170411-00:40:51.743] thr=3   paramiko.transport: [chan 0] Sesch channel 0 request ok
DEB [20170411-00:40:51.753] thr=3   paramiko.transport: [chan 0] Sesch channel 0 request ok
DEB [20170411-00:40:53.107] thr=3   paramiko.transport: EOF in transport thread
